

Processing HomeController#index (for 127.0.0.1 at 2010-06-24 20:29:04) [GET]
Rendering home/index
Completed in 21ms (View: 20, DB: 0) | 200 OK [http://localhost/]
  [4;36;1mSQL (1.0ms)[0m   [0;1m SELECT name
 FROM sqlite_master
 WHERE type = 'table' AND NOT name = 'sqlite_sequence'
[0m
  [4;35;1mSQL (0.0ms)[0m   [0mselect sqlite_version(*)[0m
  [4;36;1mSQL (5.0ms)[0m   [0;1mCREATE TABLE "schema_migrations" ("version" varchar(255) NOT NULL) [0m
  [4;35;1mSQL (0.0ms)[0m   [0mPRAGMA index_list("schema_migrations")[0m
  [4;36;1mSQL (5.0ms)[0m   [0;1mCREATE UNIQUE INDEX "unique_schema_migrations" ON "schema_migrations" ("version")[0m
  [4;35;1mSQL (0.0ms)[0m   [0m SELECT name
 FROM sqlite_master
 WHERE type = 'table' AND NOT name = 'sqlite_sequence'
[0m
  [4;36;1mSQL (0.0ms)[0m   [0;1mSELECT version FROM schema_migrations[0m
Migrating to CreatePosts (20100625003044)
  [4;35;1mSQL (2.0ms)[0m   [0mCREATE TABLE "posts" ("id" INTEGER PRIMARY KEY AUTOINCREMENT NOT NULL, "name" varchar(255), "title" varchar(255), "content" text, "created_at" datetime, "updated_at" datetime) [0m
  [4;36;1mSQL (1.0ms)[0m   [0;1mINSERT INTO schema_migrations (version) VALUES ('20100625003044')[0m
  [4;35;1mSQL (0.0ms)[0m   [0m SELECT name
 FROM sqlite_master
 WHERE type = 'table' AND NOT name = 'sqlite_sequence'
[0m
  [4;36;1mSQL (0.0ms)[0m   [0;1mSELECT version FROM schema_migrations[0m
  [4;35;1mSQL (0.0ms)[0m   [0m SELECT name
 FROM sqlite_master
 WHERE type = 'table' AND NOT name = 'sqlite_sequence'
[0m
  [4;36;1mSQL (1.0ms)[0m   [0;1mPRAGMA index_list("posts")[0m


Processing HomeController#index (for 127.0.0.1 at 2010-06-24 20:33:49) [GET]
Rendering home/index
Completed in 18ms (View: 17, DB: 0) | 200 OK [http://localhost/]


Processing PostsController#index (for 127.0.0.1 at 2010-06-24 20:33:52) [GET]
  [4;36;1mPost Load (1.0ms)[0m   [0;1mSELECT * FROM "posts" [0m
Rendering template within layouts/posts
Rendering posts/index
Completed in 2770ms (View: 2759, DB: 1) | 200 OK [http://localhost/posts]


Processing PostsController#new (for 127.0.0.1 at 2010-06-24 20:59:41) [GET]
Rendering template within layouts/posts
Rendering posts/new
Completed in 44ms (View: 28, DB: 0) | 200 OK [http://localhost/posts/new]


Processing PostsController#create (for 127.0.0.1 at 2010-06-24 21:00:10) [POST]
  Parameters: {"authenticity_token"=>"Doc9qtdhkCxZz4hgotPiTqF5jfUESWvAYVCO0IBancQ=", "post"=>{"name"=>"Name 01", "title"=>"Title 01", "content"=>"This is content for Post 01"}, "commit"=>"Create"}
  [4;35;1mPost Create (3.0ms)[0m   [0mINSERT INTO "posts" ("name", "title", "content", "created_at", "updated_at") VALUES('Name 01', 'Title 01', 'This is content for Post 01', '2010-06-25 01:00:10', '2010-06-25 01:00:10')[0m
Redirected to http://localhost:3000/posts/1
Completed in 23ms (DB: 3) | 302 Found [http://localhost/posts]


Processing PostsController#show (for 127.0.0.1 at 2010-06-24 21:00:10) [GET]
  Parameters: {"id"=>"1"}
  [4;36;1mPost Load (0.0ms)[0m   [0;1mSELECT * FROM "posts" WHERE ("posts"."id" = 1) [0m
Rendering template within layouts/posts
Rendering posts/show
Completed in 22ms (View: 13, DB: 0) | 200 OK [http://localhost/posts/1]


Processing PostsController#index (for 127.0.0.1 at 2010-06-24 21:00:16) [GET]
  [4;35;1mPost Load (1.0ms)[0m   [0mSELECT * FROM "posts" [0m
Rendering template within layouts/posts
Rendering posts/index
Completed in 19ms (View: 8, DB: 1) | 200 OK [http://localhost/posts]


Processing HomeController#index (for 127.0.0.1 at 2010-06-25 03:41:24) [GET]
Rendering home/index
Completed in 28ms (View: 26, DB: 0) | 200 OK [http://localhost/]


Processing PostsController#index (for 127.0.0.1 at 2010-06-25 03:41:25) [GET]
  [4;36;1mPost Load (0.0ms)[0m   [0;1mSELECT * FROM "posts" [0m
Rendering template within layouts/posts
Rendering posts/index
Completed in 2532ms (View: 2523, DB: 0) | 200 OK [http://localhost/posts]
